<?xml version="1.0" encoding="UTF-8"?>
<!-- Generated by org.testng.reporters.JUnitReportReporter -->
<testsuite hostname="VENKY1504" failures="0" tests="4" name="api.test.UserTest2" time="9.498" errors="0" timestamp="2023-10-31T15:49:16 IST" skipped="0">
  <testcase classname="api.test.UserTest2" name="testPostUser" time="3.918"/>
  <system-out/>
  <testcase classname="api.test.UserTest2" name="testGetUserByName" time="1.548"/>
  <system-out/>
  <testcase classname="api.test.UserTest2" name="testUpdateUserByName" time="2.880"/>
  <system-out/>
  <testcase classname="api.test.UserTest2" name="testDeleteUserByName" time="1.152"/>
  <system-out/>
</testsuite> <!-- api.test.UserTest2 -->
