<?xml version="1.0" encoding="UTF-8"?>
<!-- Generated by org.testng.reporters.JUnitReportReporter -->
<testsuite hostname="VENKY1504" failures="0" tests="6" name="api.test.DDTests" time="12.414" errors="0" timestamp="2023-10-19T15:20:16 IST" skipped="0">
  <testcase classname="api.test.DDTests" name="testPostUser" time="1.459"/>
  <system-out/>
  <testcase classname="api.test.DDTests" name="testPostUser" time="4.843"/>
  <system-out/>
  <testcase classname="api.test.DDTests" name="testPostUser" time="1.432"/>
  <system-out/>
  <testcase classname="api.test.DDTests" name="testDeleteUserByName" time="1.532"/>
  <system-out/>
  <testcase classname="api.test.DDTests" name="testDeleteUserByName" time="1.611"/>
  <system-out/>
  <testcase classname="api.test.DDTests" name="testDeleteUserByName" time="1.537"/>
  <system-out/>
</testsuite> <!-- api.test.DDTests -->
