<?xml version="1.0" encoding="UTF-8"?>
<!-- Generated by org.testng.reporters.JUnitReportReporter -->
<testsuite hostname="VENKY1504" failures="0" tests="4" name="api.test.UserTest" time="9.690" errors="0" timestamp="2023-10-27T12:32:41 IST" skipped="0">
  <testcase classname="api.test.UserTest" name="testPostUser" time="3.501"/>
  <system-out/>
  <testcase classname="api.test.UserTest" name="testGetUserByName" time="1.491"/>
  <system-out/>
  <testcase classname="api.test.UserTest" name="testUpdateUserByName" time="3.256"/>
  <system-out/>
  <testcase classname="api.test.UserTest" name="testDeleteUserByName" time="1.442"/>
  <system-out/>
</testsuite> <!-- api.test.UserTest -->
